[2021-07-24 17:13:48.932] [exthost] [info] extension host started
[2021-07-24 17:13:48.990] [exthost] [info] ExtensionService#_doActivateExtension vscode.typescript-language-features {"startup":false,"extensionId":{"value":"vscode.typescript-language-features","_lower":"vscode.typescript-language-features"},"activationEvent":"onLanguage:javascript"}
[2021-07-24 17:13:48.990] [exthost] [info] ExtensionService#loadCommonJSModule file:///home/nakao/.vscode-server/bin/c3f126316369cd610563c75b1b1725e0679adfb3/extensions/typescript-language-features/dist/extension
[2021-07-24 17:13:49.022] [exthost] [info] ExtensionService#_doActivateExtension vscode.debug-auto-launch {"startup":true,"extensionId":{"value":"vscode.debug-auto-launch","_lower":"vscode.debug-auto-launch"},"activationEvent":"*"}
[2021-07-24 17:13:49.022] [exthost] [info] ExtensionService#loadCommonJSModule file:///home/nakao/.vscode-server/bin/c3f126316369cd610563c75b1b1725e0679adfb3/extensions/debug-auto-launch/dist/extension
[2021-07-24 17:13:49.027] [exthost] [info] ExtensionService#_doActivateExtension vscode.git {"startup":true,"extensionId":{"value":"vscode.github","_lower":"vscode.github"},"activationEvent":"*"}
[2021-07-24 17:13:49.028] [exthost] [info] ExtensionService#loadCommonJSModule file:///home/nakao/.vscode-server/bin/c3f126316369cd610563c75b1b1725e0679adfb3/extensions/git/dist/main
[2021-07-24 17:13:49.076] [exthost] [info] ExtensionService#_doActivateExtension ritwickdey.LiveServer {"startup":true,"extensionId":{"value":"ritwickdey.LiveServer","_lower":"ritwickdey.liveserver"},"activationEvent":"*"}
[2021-07-24 17:13:49.076] [exthost] [info] ExtensionService#loadCommonJSModule file:///home/nakao/.vscode-server/extensions/ritwickdey.liveserver-5.6.1/out/src/extension
[2021-07-24 17:13:50.056] [exthost] [info] Lock '/home/nakao/.vscode-server/data/User/workspaceStorage/701ec8bd92d71ccb6cccbc7a9c586492/vscode.lock': Lock acquired.
[2021-07-24 17:13:50.342] [exthost] [info] ExtensionService#_doActivateExtension vscode.github {"startup":true,"extensionId":{"value":"vscode.github","_lower":"vscode.github"},"activationEvent":"*"}
[2021-07-24 17:13:50.342] [exthost] [info] ExtensionService#loadCommonJSModule file:///home/nakao/.vscode-server/bin/c3f126316369cd610563c75b1b1725e0679adfb3/extensions/github/dist/extension.js
[2021-07-24 17:13:50.484] [exthost] [info] ExtensionService#_doActivateExtension ms-vscode.js-debug {"startup":false,"extensionId":{"value":"ms-vscode.js-debug","_lower":"ms-vscode.js-debug"},"activationEvent":"onCommand:extension.js-debug.clearAutoAttachVariables"}
[2021-07-24 17:13:50.484] [exthost] [info] ExtensionService#loadCommonJSModule file:///home/nakao/.vscode-server/bin/c3f126316369cd610563c75b1b1725e0679adfb3/extensions/ms-vscode.js-debug/src/extension.js
[2021-07-24 17:13:50.793] [exthost] [info] ExtensionService#_doActivateExtension vscode.emmet {"startup":false,"extensionId":{"value":"vscode.emmet","_lower":"vscode.emmet"},"activationEvent":"onStartupFinished"}
[2021-07-24 17:13:50.793] [exthost] [info] ExtensionService#loadCommonJSModule file:///home/nakao/.vscode-server/bin/c3f126316369cd610563c75b1b1725e0679adfb3/extensions/emmet/dist/node/emmetNodeMain
[2021-07-24 17:13:50.807] [exthost] [info] ExtensionService#_doActivateExtension vscode.merge-conflict {"startup":false,"extensionId":{"value":"vscode.merge-conflict","_lower":"vscode.merge-conflict"},"activationEvent":"onStartupFinished"}
[2021-07-24 17:13:50.808] [exthost] [info] ExtensionService#loadCommonJSModule file:///home/nakao/.vscode-server/bin/c3f126316369cd610563c75b1b1725e0679adfb3/extensions/merge-conflict/dist/mergeConflictMain
[2021-07-24 17:13:50.817] [exthost] [info] ExtensionService#_doActivateExtension vscode.testing-editor-contributions {"startup":false,"extensionId":{"value":"vscode.testing-editor-contributions","_lower":"vscode.testing-editor-contributions"},"activationEvent":"onStartupFinished"}
[2021-07-24 17:13:50.817] [exthost] [info] ExtensionService#loadCommonJSModule file:///home/nakao/.vscode-server/bin/c3f126316369cd610563c75b1b1725e0679adfb3/extensions/testing-editor-contributions/dist/extension.js
[2021-07-24 17:13:50.819] [exthost] [info] ExtensionService#_doActivateExtension bradlc.vscode-tailwindcss {"startup":false,"extensionId":{"value":"bradlc.vscode-tailwindcss","_lower":"bradlc.vscode-tailwindcss"},"activationEvent":"onStartupFinished"}
[2021-07-24 17:13:50.819] [exthost] [info] ExtensionService#loadCommonJSModule file:///home/nakao/.vscode-server/extensions/bradlc.vscode-tailwindcss-0.6.13/dist/extension/index.js
[2021-07-24 17:13:50.900] [exthost] [info] ExtensionService#_doActivateExtension rangav.vscode-thunder-client {"startup":false,"extensionId":{"value":"rangav.vscode-thunder-client","_lower":"rangav.vscode-thunder-client"},"activationEvent":"onStartupFinished"}
[2021-07-24 17:13:50.900] [exthost] [info] ExtensionService#loadCommonJSModule file:///home/nakao/.vscode-server/extensions/rangav.vscode-thunder-client-1.7.1/dist/extension
[2021-07-24 17:13:50.970] [exthost] [info] eager extensions activated
