[2021-07-24 07:17:30.854] [exthost] [info] extension host started
[2021-07-24 07:17:30.891] [exthost] [info] ExtensionService#_doActivateExtension vscode.emmet {"startup":false,"extensionId":{"value":"vscode.emmet","_lower":"vscode.emmet"},"activationEvent":"onLanguage:html"}
[2021-07-24 07:17:30.891] [exthost] [info] ExtensionService#loadCommonJSModule file:///home/nakao/.vscode-server/bin/c3f126316369cd610563c75b1b1725e0679adfb3/extensions/emmet/dist/node/emmetNodeMain
[2021-07-24 07:17:30.917] [exthost] [info] ExtensionService#_doActivateExtension vscode.html-language-features {"startup":false,"extensionId":{"value":"vscode.html-language-features","_lower":"vscode.html-language-features"},"activationEvent":"onLanguage:html"}
[2021-07-24 07:17:30.919] [exthost] [info] ExtensionService#loadCommonJSModule file:///home/nakao/.vscode-server/bin/c3f126316369cd610563c75b1b1725e0679adfb3/extensions/html-language-features/client/dist/node/htmlClientMain
[2021-07-24 07:17:30.966] [exthost] [info] ExtensionService#_doActivateExtension vscode.debug-auto-launch {"startup":true,"extensionId":{"value":"vscode.debug-auto-launch","_lower":"vscode.debug-auto-launch"},"activationEvent":"*"}
[2021-07-24 07:17:30.966] [exthost] [info] ExtensionService#loadCommonJSModule file:///home/nakao/.vscode-server/bin/c3f126316369cd610563c75b1b1725e0679adfb3/extensions/debug-auto-launch/dist/extension
[2021-07-24 07:17:30.977] [exthost] [info] ExtensionService#_doActivateExtension vscode.git {"startup":true,"extensionId":{"value":"vscode.github","_lower":"vscode.github"},"activationEvent":"*"}
[2021-07-24 07:17:30.977] [exthost] [info] ExtensionService#loadCommonJSModule file:///home/nakao/.vscode-server/bin/c3f126316369cd610563c75b1b1725e0679adfb3/extensions/git/dist/main
[2021-07-24 07:17:31.049] [exthost] [info] ExtensionService#_doActivateExtension ritwickdey.LiveServer {"startup":true,"extensionId":{"value":"ritwickdey.LiveServer","_lower":"ritwickdey.liveserver"},"activationEvent":"*"}
[2021-07-24 07:17:31.049] [exthost] [info] ExtensionService#loadCommonJSModule file:///home/nakao/.vscode-server/extensions/ritwickdey.liveserver-5.6.1/out/src/extension
[2021-07-24 07:17:32.172] [exthost] [info] Lock '/home/nakao/.vscode-server/data/User/workspaceStorage/be34844b7424958439d0a6f99b031256/vscode.lock': Lock acquired.
[2021-07-24 07:17:32.173] [exthost] [info] ExtensionService#_doActivateExtension vscode.npm {"startup":true,"extensionId":{"value":"vscode.npm","_lower":"vscode.npm"},"activationEvent":"workspaceContains:package.json"}
[2021-07-24 07:17:32.173] [exthost] [info] ExtensionService#loadCommonJSModule file:///home/nakao/.vscode-server/bin/c3f126316369cd610563c75b1b1725e0679adfb3/extensions/npm/dist/npmMain
[2021-07-24 07:17:32.483] [exthost] [info] ExtensionService#_doActivateExtension vscode.github {"startup":true,"extensionId":{"value":"vscode.github","_lower":"vscode.github"},"activationEvent":"*"}
[2021-07-24 07:17:32.483] [exthost] [info] ExtensionService#loadCommonJSModule file:///home/nakao/.vscode-server/bin/c3f126316369cd610563c75b1b1725e0679adfb3/extensions/github/dist/extension.js
[2021-07-24 07:17:32.967] [exthost] [info] ExtensionService#_doActivateExtension ms-vscode.js-debug {"startup":false,"extensionId":{"value":"ms-vscode.js-debug","_lower":"ms-vscode.js-debug"},"activationEvent":"onCommand:extension.js-debug.clearAutoAttachVariables"}
[2021-07-24 07:17:32.967] [exthost] [info] ExtensionService#loadCommonJSModule file:///home/nakao/.vscode-server/bin/c3f126316369cd610563c75b1b1725e0679adfb3/extensions/ms-vscode.js-debug/src/extension.js
[2021-07-24 07:17:33.605] [exthost] [info] ExtensionService#_doActivateExtension vscode.merge-conflict {"startup":false,"extensionId":{"value":"vscode.merge-conflict","_lower":"vscode.merge-conflict"},"activationEvent":"onStartupFinished"}
[2021-07-24 07:17:33.606] [exthost] [info] ExtensionService#loadCommonJSModule file:///home/nakao/.vscode-server/bin/c3f126316369cd610563c75b1b1725e0679adfb3/extensions/merge-conflict/dist/mergeConflictMain
[2021-07-24 07:17:33.619] [exthost] [info] ExtensionService#_doActivateExtension vscode.testing-editor-contributions {"startup":false,"extensionId":{"value":"vscode.testing-editor-contributions","_lower":"vscode.testing-editor-contributions"},"activationEvent":"onStartupFinished"}
[2021-07-24 07:17:33.619] [exthost] [info] ExtensionService#loadCommonJSModule file:///home/nakao/.vscode-server/bin/c3f126316369cd610563c75b1b1725e0679adfb3/extensions/testing-editor-contributions/dist/extension.js
[2021-07-24 07:17:33.622] [exthost] [info] ExtensionService#_doActivateExtension bradlc.vscode-tailwindcss {"startup":false,"extensionId":{"value":"bradlc.vscode-tailwindcss","_lower":"bradlc.vscode-tailwindcss"},"activationEvent":"onStartupFinished"}
[2021-07-24 07:17:33.622] [exthost] [info] ExtensionService#loadCommonJSModule file:///home/nakao/.vscode-server/extensions/bradlc.vscode-tailwindcss-0.6.13/dist/extension/index.js
[2021-07-24 07:17:33.655] [exthost] [info] ExtensionService#_doActivateExtension rangav.vscode-thunder-client {"startup":false,"extensionId":{"value":"rangav.vscode-thunder-client","_lower":"rangav.vscode-thunder-client"},"activationEvent":"onStartupFinished"}
[2021-07-24 07:17:33.655] [exthost] [info] ExtensionService#loadCommonJSModule file:///home/nakao/.vscode-server/extensions/rangav.vscode-thunder-client-1.7.1/dist/extension
[2021-07-24 07:17:33.730] [exthost] [info] eager extensions activated
[2021-07-24 07:18:23.907] [exthost] [info] ExtensionService#_doActivateExtension vscode.extension-editing {"startup":false,"extensionId":{"value":"vscode.extension-editing","_lower":"vscode.extension-editing"},"activationEvent":"onLanguage:typescript"}
[2021-07-24 07:18:23.908] [exthost] [info] ExtensionService#loadCommonJSModule file:///home/nakao/.vscode-server/bin/c3f126316369cd610563c75b1b1725e0679adfb3/extensions/extension-editing/dist/extensionEditingMain
[2021-07-24 07:18:24.014] [exthost] [info] ExtensionService#_doActivateExtension vscode.typescript-language-features {"startup":false,"extensionId":{"value":"vscode.typescript-language-features","_lower":"vscode.typescript-language-features"},"activationEvent":"onLanguage:typescript"}
[2021-07-24 07:18:24.015] [exthost] [info] ExtensionService#loadCommonJSModule file:///home/nakao/.vscode-server/bin/c3f126316369cd610563c75b1b1725e0679adfb3/extensions/typescript-language-features/dist/extension
[2021-07-24 07:18:43.371] [exthost] [info] ExtensionService#_doActivateExtension vscode.configuration-editing {"startup":false,"extensionId":{"value":"vscode.configuration-editing","_lower":"vscode.configuration-editing"},"activationEvent":"onLanguage:json"}
[2021-07-24 07:18:43.371] [exthost] [info] ExtensionService#loadCommonJSModule file:///home/nakao/.vscode-server/bin/c3f126316369cd610563c75b1b1725e0679adfb3/extensions/configuration-editing/dist/configurationEditingMain
[2021-07-24 07:18:43.455] [exthost] [info] ExtensionService#_doActivateExtension vscode.json-language-features {"startup":false,"extensionId":{"value":"vscode.json-language-features","_lower":"vscode.json-language-features"},"activationEvent":"onLanguage:json"}
[2021-07-24 07:18:43.455] [exthost] [info] ExtensionService#loadCommonJSModule file:///home/nakao/.vscode-server/bin/c3f126316369cd610563c75b1b1725e0679adfb3/extensions/json-language-features/client/dist/node/jsonClientMain
[2021-07-24 10:25:29.271] [exthost] [info] extension host terminating: received terminate message from renderer
[2021-07-24 10:25:29.274] [exthost] [info] Lock '/home/nakao/.vscode-server/data/User/workspaceStorage/be34844b7424958439d0a6f99b031256/vscode.lock': Marking the lockfile as scheduled to be released in 6000 ms.
[2021-07-24 10:25:30.372] [exthost] [info] exiting with code 0
