Validating found git in: git
git から Git  を使用しています
> git rev-parse --git-dir
Open repository: /home/nakao/techpit/markdown-editor
> git status -z -u
> git symbolic-ref --short HEAD
> git for-each-ref --format=%(refname)%00%(upstream:short)%00%(objectname)%00%(upstream:track) refs/heads/main refs/remotes/main
> git for-each-ref --sort -committerdate --format %(refname) %(objectname) %(*objectname)
> git remote --verbose
> git config --get commit.template
> git show --textconv :dist/index.html
> git ls-files --stage -- /home/nakao/techpit/markdown-editor/dist/index.html
> git cat-file -s 0801c9b730cb1e284c878c204db665b1a6b375cc
> git check-ignore -v -z --stdin
> git status -z -u
> git symbolic-ref --short HEAD
> git for-each-ref --format=%(refname)%00%(upstream:short)%00%(objectname)%00%(upstream:track) refs/heads/main refs/remotes/main
> git for-each-ref --sort -committerdate --format %(refname) %(objectname) %(*objectname)
> git remote --verbose
> git config --get commit.template
> git check-ignore -v -z --stdin
> git log --format=%H%n%aN%n%aE%n%at%n%ct%n%P%n%B -z -n21 -- /home/nakao/techpit/markdown-editor/dist/index.html
> git status -z -u
> git symbolic-ref --short HEAD
> git for-each-ref --format=%(refname)%00%(upstream:short)%00%(objectname)%00%(upstream:track) refs/heads/main refs/remotes/main
> git for-each-ref --sort -committerdate --format %(refname) %(objectname) %(*objectname)
> git remote --verbose
> git config --get commit.template
> git show --textconv :manifest.json
> git ls-files --stage -- /home/nakao/techpit/markdown-editor/manifest.json
> git status -z -u
> git symbolic-ref --short HEAD
> git for-each-ref --format=%(refname)%00%(upstream:short)%00%(objectname)%00%(upstream:track) refs/heads/main refs/remotes/main
> git for-each-ref --sort -committerdate --format %(refname) %(objectname) %(*objectname)
> git remote --verbose
> git config --get commit.template
> git status -z -u
> git symbolic-ref --short HEAD
> git for-each-ref --format=%(refname)%00%(upstream:short)%00%(objectname)%00%(upstream:track) refs/heads/main refs/remotes/main
> git for-each-ref --sort -committerdate --format %(refname) %(objectname) %(*objectname)
> git remote --verbose
> git config --get commit.template
> git status -z -u
> git symbolic-ref --short HEAD
> git for-each-ref --format=%(refname)%00%(upstream:short)%00%(objectname)%00%(upstream:track) refs/heads/main refs/remotes/main
> git for-each-ref --sort -committerdate --format %(refname) %(objectname) %(*objectname)
> git remote --verbose
> git config --get commit.template
> git status -z -u
> git symbolic-ref --short HEAD
> git for-each-ref --format=%(refname)%00%(upstream:short)%00%(objectname)%00%(upstream:track) refs/heads/main refs/remotes/main
> git for-each-ref --sort -committerdate --format %(refname) %(objectname) %(*objectname)
> git remote --verbose
> git config --get commit.template
> git status -z -u
> git symbolic-ref --short HEAD
> git for-each-ref --format=%(refname)%00%(upstream:short)%00%(objectname)%00%(upstream:track) refs/heads/main refs/remotes/main
> git for-each-ref --sort -committerdate --format %(refname) %(objectname) %(*objectname)
> git remote --verbose
> git config --get commit.template
> git show --textconv :dist/index.html
> git ls-files --stage -- /home/nakao/techpit/markdown-editor/dist/index.html
> git cat-file -s 0801c9b730cb1e284c878c204db665b1a6b375cc
> git status -z -u
> git symbolic-ref --short HEAD
> git for-each-ref --format=%(refname)%00%(upstream:short)%00%(objectname)%00%(upstream:track) refs/heads/main refs/remotes/main
> git for-each-ref --sort -committerdate --format %(refname) %(objectname) %(*objectname)
> git remote --verbose
> git config --get commit.template
> git status -z -u
> git show --textconv :manifest.json
> git ls-files --stage -- /home/nakao/techpit/markdown-editor/manifest.json
> git symbolic-ref --short HEAD
> git for-each-ref --format=%(refname)%00%(upstream:short)%00%(objectname)%00%(upstream:track) refs/heads/main refs/remotes/main
> git for-each-ref --sort -committerdate --format %(refname) %(objectname) %(*objectname)
> git remote --verbose
> git config --get commit.template
> git show --textconv :dist/index.html
> git ls-files --stage -- /home/nakao/techpit/markdown-editor/dist/index.html
> git cat-file -s 0801c9b730cb1e284c878c204db665b1a6b375cc
> git status -z -u
> git symbolic-ref --short HEAD
> git for-each-ref --format=%(refname)%00%(upstream:short)%00%(objectname)%00%(upstream:track) refs/heads/main refs/remotes/main
> git for-each-ref --sort -committerdate --format %(refname) %(objectname) %(*objectname)
> git remote --verbose
> git config --get commit.template
> git show --textconv :package.json
> git ls-files --stage -- /home/nakao/techpit/markdown-editor/package.json
> git cat-file -s dfcda80d899738ee1362ed72f0d0d8d8038c4175
> git show --textconv :manifest.json
> git ls-files --stage -- /home/nakao/techpit/markdown-editor/manifest.json
> git status -z -u
> git symbolic-ref --short HEAD
> git for-each-ref --format=%(refname)%00%(upstream:short)%00%(objectname)%00%(upstream:track) refs/heads/main refs/remotes/main
> git for-each-ref --sort -committerdate --format %(refname) %(objectname) %(*objectname)
> git remote --verbose
> git config --get commit.template
> git status -z -u
> git symbolic-ref --short HEAD
> git for-each-ref --format=%(refname)%00%(upstream:short)%00%(objectname)%00%(upstream:track) refs/heads/main refs/remotes/main
> git for-each-ref --sort -committerdate --format %(refname) %(objectname) %(*objectname)
> git remote --verbose
> git config --get commit.template
> git status -z -u
> git symbolic-ref --short HEAD
> git for-each-ref --format=%(refname)%00%(upstream:short)%00%(objectname)%00%(upstream:track) refs/heads/main refs/remotes/main
> git for-each-ref --sort -committerdate --format %(refname) %(objectname) %(*objectname)
> git remote --verbose
> git config --get commit.template
> git show --textconv :dist/sw.js
> git ls-files --stage -- /home/nakao/techpit/markdown-editor/dist/sw.js
> git cat-file -s 6e80863ae467b253075bca763bed955b9d0f821f
> git show --textconv :manifest.json
> git ls-files --stage -- /home/nakao/techpit/markdown-editor/manifest.json
> git status -z -u
> git symbolic-ref --short HEAD
> git for-each-ref --format=%(refname)%00%(upstream:short)%00%(objectname)%00%(upstream:track) refs/heads/main refs/remotes/main
> git for-each-ref --sort -committerdate --format %(refname) %(objectname) %(*objectname)
> git remote --verbose
> git config --get commit.template
> git status -z -u
> git symbolic-ref --short HEAD
> git for-each-ref --format=%(refname)%00%(upstream:short)%00%(objectname)%00%(upstream:track) refs/heads/main refs/remotes/main
> git for-each-ref --sort -committerdate --format %(refname) %(objectname) %(*objectname)
> git remote --verbose
> git config --get commit.template
> git show --textconv :dist/index.html
> git ls-files --stage -- /home/nakao/techpit/markdown-editor/dist/index.html
> git cat-file -s 0801c9b730cb1e284c878c204db665b1a6b375cc
> git status -z -u
> git symbolic-ref --short HEAD
> git for-each-ref --format=%(refname)%00%(upstream:short)%00%(objectname)%00%(upstream:track) refs/heads/main refs/remotes/main
> git for-each-ref --sort -committerdate --format %(refname) %(objectname) %(*objectname)
> git remote --verbose
> git config --get commit.template
> git status -z -u
> git symbolic-ref --short HEAD
> git for-each-ref --format=%(refname)%00%(upstream:short)%00%(objectname)%00%(upstream:track) refs/heads/main refs/remotes/main
> git for-each-ref --sort -committerdate --format %(refname) %(objectname) %(*objectname)
> git remote --verbose
> git config --get commit.template
> git show --textconv :dist/index.js
> git ls-files --stage -- /home/nakao/techpit/markdown-editor/dist/index.js
> git cat-file -s e7bfe6361e8177d6eb6c2522094225d4e2b17e1c
> git show --textconv :dist/index.html
> git ls-files --stage -- /home/nakao/techpit/markdown-editor/dist/index.html
> git cat-file -s 0801c9b730cb1e284c878c204db665b1a6b375cc
> git show --textconv :manifest.json
> git ls-files --stage -- /home/nakao/techpit/markdown-editor/manifest.json
> git check-ignore -v -z --stdin
> git check-ignore -v -z --stdin
> git show --textconv :manifest.json
> git ls-files --stage -- /home/nakao/techpit/markdown-editor/manifest.json
> git show --textconv :dist/index.html
> git ls-files --stage -- /home/nakao/techpit/markdown-editor/dist/index.html
> git cat-file -s 0801c9b730cb1e284c878c204db665b1a6b375cc
> git status -z -u
> git symbolic-ref --short HEAD
> git for-each-ref --format=%(refname)%00%(upstream:short)%00%(objectname)%00%(upstream:track) refs/heads/main refs/remotes/main
> git for-each-ref --sort -committerdate --format %(refname) %(objectname) %(*objectname)
> git remote --verbose
> git config --get commit.template
> git show --textconv :manifest.json
> git ls-files --stage -- /home/nakao/techpit/markdown-editor/manifest.json
> git check-ignore -v -z --stdin
> git show --textconv :dist/index.html
> git ls-files --stage -- /home/nakao/techpit/markdown-editor/dist/index.html
> git cat-file -s 0801c9b730cb1e284c878c204db665b1a6b375cc
> git show --textconv :manifest.json
> git ls-files --stage -- /home/nakao/techpit/markdown-editor/manifest.json
> git show --textconv :manifest.json
> git ls-files --stage -- /home/nakao/techpit/markdown-editor/manifest.json
> git status -z -u
> git symbolic-ref --short HEAD
> git for-each-ref --format=%(refname)%00%(upstream:short)%00%(objectname)%00%(upstream:track) refs/heads/main refs/remotes/main
> git for-each-ref --sort -committerdate --format %(refname) %(objectname) %(*objectname)
> git remote --verbose
> git config --get commit.template
> git show --textconv :tsconfig.json
> git ls-files --stage -- /home/nakao/techpit/markdown-editor/tsconfig.json
> git cat-file -s acfbde2fd66f348e27126c4b063ec6a6c4999a20
> git show --textconv :manifest.json
> git ls-files --stage -- /home/nakao/techpit/markdown-editor/manifest.json
> git status -z -u
> git symbolic-ref --short HEAD
> git for-each-ref --format=%(refname)%00%(upstream:short)%00%(objectname)%00%(upstream:track) refs/heads/main refs/remotes/main
> git for-each-ref --sort -committerdate --format %(refname) %(objectname) %(*objectname)
> git remote --verbose
> git config --get commit.template
> git status -z -u
> git symbolic-ref --short HEAD
> git for-each-ref --format=%(refname)%00%(upstream:short)%00%(objectname)%00%(upstream:track) refs/heads/main refs/remotes/main
> git for-each-ref --sort -committerdate --format %(refname) %(objectname) %(*objectname)
> git remote --verbose
> git config --get commit.template
> git show --textconv :dist/index.html
> git ls-files --stage -- /home/nakao/techpit/markdown-editor/dist/index.html
> git cat-file -s 0801c9b730cb1e284c878c204db665b1a6b375cc
> git show --textconv :manifest.json
> git ls-files --stage -- /home/nakao/techpit/markdown-editor/manifest.json
> git show --textconv :dist/index.html
> git ls-files --stage -- /home/nakao/techpit/markdown-editor/dist/index.html
> git cat-file -s 0801c9b730cb1e284c878c204db665b1a6b375cc
> git show --textconv :manifest.json
> git ls-files --stage -- /home/nakao/techpit/markdown-editor/manifest.json
> git show --textconv :dist/index.html
> git ls-files --stage -- /home/nakao/techpit/markdown-editor/dist/index.html
> git cat-file -s 0801c9b730cb1e284c878c204db665b1a6b375cc
> git show --textconv :manifest.json
> git ls-files --stage -- /home/nakao/techpit/markdown-editor/manifest.json
> git show --textconv :package.json
> git ls-files --stage -- /home/nakao/techpit/markdown-editor/package.json
> git cat-file -s dfcda80d899738ee1362ed72f0d0d8d8038c4175
> git show --textconv :dist/index.html
> git ls-files --stage -- /home/nakao/techpit/markdown-editor/dist/index.html
> git cat-file -s 0801c9b730cb1e284c878c204db665b1a6b375cc
> git show --textconv :manifest.json
> git ls-files --stage -- /home/nakao/techpit/markdown-editor/manifest.json
> git status -z -u
> git symbolic-ref --short HEAD
> git for-each-ref --format=%(refname)%00%(upstream:short)%00%(objectname)%00%(upstream:track) refs/heads/main refs/remotes/main
> git for-each-ref --sort -committerdate --format %(refname) %(objectname) %(*objectname)
> git remote --verbose
> git config --get commit.template
> git status -z -u
> git symbolic-ref --short HEAD
> git for-each-ref --format=%(refname)%00%(upstream:short)%00%(objectname)%00%(upstream:track) refs/heads/main refs/remotes/main
> git for-each-ref --sort -committerdate --format %(refname) %(objectname) %(*objectname)
> git remote --verbose
> git config --get commit.template
> git status -z -u
> git symbolic-ref --short HEAD
> git for-each-ref --format=%(refname)%00%(upstream:short)%00%(objectname)%00%(upstream:track) refs/heads/main refs/remotes/main
> git for-each-ref --sort -committerdate --format %(refname) %(objectname) %(*objectname)
> git remote --verbose
> git config --get commit.template
> git status -z -u
> git symbolic-ref --short HEAD
> git for-each-ref --format=%(refname)%00%(upstream:short)%00%(objectname)%00%(upstream:track) refs/heads/main refs/remotes/main
> git for-each-ref --sort -committerdate --format %(refname) %(objectname) %(*objectname)
> git remote --verbose
> git config --get commit.template
> git status -z -u
> git symbolic-ref --short HEAD
> git for-each-ref --format=%(refname)%00%(upstream:short)%00%(objectname)%00%(upstream:track) refs/heads/main refs/remotes/main
> git for-each-ref --sort -committerdate --format %(refname) %(objectname) %(*objectname)
> git remote --verbose
> git config --get commit.template
> git show --textconv :dist/index.html
> git ls-files --stage -- /home/nakao/techpit/markdown-editor/dist/index.html
> git cat-file -s 0801c9b730cb1e284c878c204db665b1a6b375cc
> git status -z -u
> git symbolic-ref --short HEAD
> git for-each-ref --format=%(refname)%00%(upstream:short)%00%(objectname)%00%(upstream:track) refs/heads/main refs/remotes/main
> git for-each-ref --sort -committerdate --format %(refname) %(objectname) %(*objectname)
> git remote --verbose
> git config --get commit.template
> git show --textconv :manifest.json
> git ls-files --stage -- /home/nakao/techpit/markdown-editor/manifest.json
> git show --textconv :dist/index.html
> git ls-files --stage -- /home/nakao/techpit/markdown-editor/dist/index.html
> git cat-file -s 0801c9b730cb1e284c878c204db665b1a6b375cc
> git show --textconv :manifest.json
> git ls-files --stage -- /home/nakao/techpit/markdown-editor/manifest.json
> git check-ignore -v -z --stdin
> git status -z -u
> git show --textconv :manifest.json
> git ls-files --stage -- /home/nakao/techpit/markdown-editor/manifest.json
> git symbolic-ref --short HEAD
> git for-each-ref --format=%(refname)%00%(upstream:short)%00%(objectname)%00%(upstream:track) refs/heads/main refs/remotes/main
> git for-each-ref --sort -committerdate --format %(refname) %(objectname) %(*objectname)
> git remote --verbose
> git config --get commit.template
> git status -z -u
> git symbolic-ref --short HEAD
> git for-each-ref --format=%(refname)%00%(upstream:short)%00%(objectname)%00%(upstream:track) refs/heads/main refs/remotes/main
> git for-each-ref --sort -committerdate --format %(refname) %(objectname) %(*objectname)
> git remote --verbose
> git config --get commit.template
> git status -z -u
> git symbolic-ref --short HEAD
> git for-each-ref --format=%(refname)%00%(upstream:short)%00%(objectname)%00%(upstream:track) refs/heads/main refs/remotes/main
> git for-each-ref --sort -committerdate --format %(refname) %(objectname) %(*objectname)
> git remote --verbose
> git config --get commit.template
> git status -z -u
> git symbolic-ref --short HEAD
> git for-each-ref --format=%(refname)%00%(upstream:short)%00%(objectname)%00%(upstream:track) refs/heads/main refs/remotes/main
> git for-each-ref --sort -committerdate --format %(refname) %(objectname) %(*objectname)
> git remote --verbose
> git config --get commit.template
> git show --textconv :dist/index.html
> git ls-files --stage -- /home/nakao/techpit/markdown-editor/dist/index.html
> git cat-file -s 0801c9b730cb1e284c878c204db665b1a6b375cc
> git status -z -u
> git symbolic-ref --short HEAD
> git for-each-ref --format=%(refname)%00%(upstream:short)%00%(objectname)%00%(upstream:track) refs/heads/main refs/remotes/main
> git for-each-ref --sort -committerdate --format %(refname) %(objectname) %(*objectname)
> git remote --verbose
> git config --get commit.template
> git status -z -u
> git symbolic-ref --short HEAD
> git for-each-ref --format=%(refname)%00%(upstream:short)%00%(objectname)%00%(upstream:track) refs/heads/main refs/remotes/main
> git for-each-ref --sort -committerdate --format %(refname) %(objectname) %(*objectname)
> git remote --verbose
> git config --get commit.template
> git show --textconv :manifest.json
> git ls-files --stage -- /home/nakao/techpit/markdown-editor/manifest.json
> git show --textconv :dist/index.html
> git ls-files --stage -- /home/nakao/techpit/markdown-editor/dist/index.html
> git cat-file -s 0801c9b730cb1e284c878c204db665b1a6b375cc
> git show --textconv :manifest.json
> git ls-files --stage -- /home/nakao/techpit/markdown-editor/manifest.json
> git show --textconv :dist/index.html
> git ls-files --stage -- /home/nakao/techpit/markdown-editor/dist/index.html
> git cat-file -s 0801c9b730cb1e284c878c204db665b1a6b375cc
> git status -z -u
> git symbolic-ref --short HEAD
> git for-each-ref --format=%(refname)%00%(upstream:short)%00%(objectname)%00%(upstream:track) refs/heads/main refs/remotes/main
> git for-each-ref --sort -committerdate --format %(refname) %(objectname) %(*objectname)
> git remote --verbose
> git config --get commit.template
> git show --textconv :dist/sw.js
> git ls-files --stage -- /home/nakao/techpit/markdown-editor/dist/sw.js
> git cat-file -s 6e80863ae467b253075bca763bed955b9d0f821f
> git show --textconv :package.json
> git ls-files --stage -- /home/nakao/techpit/markdown-editor/package.json
> git cat-file -s dfcda80d899738ee1362ed72f0d0d8d8038c4175
> git show --textconv :dist/sw.js
> git ls-files --stage -- /home/nakao/techpit/markdown-editor/dist/sw.js
> git cat-file -s 6e80863ae467b253075bca763bed955b9d0f821f
> git show --textconv :manifest.json
> git ls-files --stage -- /home/nakao/techpit/markdown-editor/manifest.json
> git show --textconv :dist/sw.js
> git ls-files --stage -- /home/nakao/techpit/markdown-editor/dist/sw.js
> git cat-file -s 6e80863ae467b253075bca763bed955b9d0f821f
> git status -z -u
> git symbolic-ref --short HEAD
> git for-each-ref --format=%(refname)%00%(upstream:short)%00%(objectname)%00%(upstream:track) refs/heads/main refs/remotes/main
> git for-each-ref --sort -committerdate --format %(refname) %(objectname) %(*objectname)
> git remote --verbose
> git config --get commit.template
> git status -z -u
> git symbolic-ref --short HEAD
> git for-each-ref --format=%(refname)%00%(upstream:short)%00%(objectname)%00%(upstream:track) refs/heads/main refs/remotes/main
> git for-each-ref --sort -committerdate --format %(refname) %(objectname) %(*objectname)
> git remote --verbose
> git config --get commit.template
> git show --textconv :dist/index.html
> git ls-files --stage -- /home/nakao/techpit/markdown-editor/dist/index.html
> git cat-file -s 0801c9b730cb1e284c878c204db665b1a6b375cc
> git show --textconv :dist/sw.js
> git ls-files --stage -- /home/nakao/techpit/markdown-editor/dist/sw.js
> git cat-file -s 6e80863ae467b253075bca763bed955b9d0f821f
> git status -z -u
> git symbolic-ref --short HEAD
> git for-each-ref --format=%(refname)%00%(upstream:short)%00%(objectname)%00%(upstream:track) refs/heads/main refs/remotes/main
> git for-each-ref --sort -committerdate --format %(refname) %(objectname) %(*objectname)
> git remote --verbose
> git config --get commit.template
> git log --format=%H%n%aN%n%aE%n%at%n%ct%n%P%n%B -z -n21 -- /home/nakao/techpit/markdown-editor/dist/sw.js
> git show --textconv :manifest.json
> git ls-files --stage -- /home/nakao/techpit/markdown-editor/manifest.json
> git show --textconv :package.json
> git ls-files --stage -- /home/nakao/techpit/markdown-editor/package.json
> git cat-file -s dfcda80d899738ee1362ed72f0d0d8d8038c4175
> git show --textconv :webpack.config.js
> git ls-files --stage -- /home/nakao/techpit/markdown-editor/webpack.config.js
> git cat-file -s d3a11bc2fbe01b12b2afcd9e43b363608eeec91d
> git show --textconv :manifest.json
> git ls-files --stage -- /home/nakao/techpit/markdown-editor/manifest.json
> git show --textconv :webpack.config.js
> git ls-files --stage -- /home/nakao/techpit/markdown-editor/webpack.config.js
> git cat-file -s d3a11bc2fbe01b12b2afcd9e43b363608eeec91d
> git show --textconv :manifest.json
> git ls-files --stage -- /home/nakao/techpit/markdown-editor/manifest.json
> git show --textconv :dist/manifest.json
> git ls-files --stage -- /home/nakao/techpit/markdown-editor/dist/manifest.json
> git status -z -u
> git symbolic-ref --short HEAD
> git for-each-ref --format=%(refname)%00%(upstream:short)%00%(objectname)%00%(upstream:track) refs/heads/main refs/remotes/main
> git for-each-ref --sort -committerdate --format %(refname) %(objectname) %(*objectname)
> git remote --verbose
> git config --get commit.template
> git check-ignore -v -z --stdin
> git status -z -u
> git symbolic-ref --short HEAD
> git for-each-ref --format=%(refname)%00%(upstream:short)%00%(objectname)%00%(upstream:track) refs/heads/main refs/remotes/main
> git for-each-ref --sort -committerdate --format %(refname) %(objectname) %(*objectname)
> git remote --verbose
> git config --get commit.template
> git check-ignore -v -z --stdin
> git check-ignore -v -z --stdin
> git show --textconv :package.json
> git ls-files --stage -- /home/nakao/techpit/markdown-editor/package.json
> git cat-file -s dfcda80d899738ee1362ed72f0d0d8d8038c4175
> git show --textconv :webpack.config.js
> git ls-files --stage -- /home/nakao/techpit/markdown-editor/webpack.config.js
> git cat-file -s d3a11bc2fbe01b12b2afcd9e43b363608eeec91d
> git show --textconv :dist/manifest.json
> git ls-files --stage -- /home/nakao/techpit/markdown-editor/dist/manifest.json
> git show --textconv :webpack.config.js
> git ls-files --stage -- /home/nakao/techpit/markdown-editor/webpack.config.js
> git cat-file -s d3a11bc2fbe01b12b2afcd9e43b363608eeec91d
> git show --textconv :dist/manifest.json
> git ls-files --stage -- /home/nakao/techpit/markdown-editor/dist/manifest.json
> git show --textconv :webpack.config.js
> git ls-files --stage -- /home/nakao/techpit/markdown-editor/webpack.config.js
> git cat-file -s d3a11bc2fbe01b12b2afcd9e43b363608eeec91d
> git status -z -u
> git ls-files --stage -- /home/nakao/techpit/markdown-editor/webpack.config.js
> git cat-file -s d3a11bc2fbe01b12b2afcd9e43b363608eeec91d
> git show --textconv :webpack.config.js
> git symbolic-ref --short HEAD
> git for-each-ref --format=%(refname)%00%(upstream:short)%00%(objectname)%00%(upstream:track) refs/heads/main refs/remotes/main
> git for-each-ref --sort -committerdate --format %(refname) %(objectname) %(*objectname)
> git remote --verbose
> git config --get commit.template
> git status -z -u
> git ls-files --stage -- /home/nakao/techpit/markdown-editor/webpack.config.js
> git cat-file -s d3a11bc2fbe01b12b2afcd9e43b363608eeec91d
> git show --textconv :webpack.config.js
> git symbolic-ref --short HEAD
> git for-each-ref --format=%(refname)%00%(upstream:short)%00%(objectname)%00%(upstream:track) refs/heads/main refs/remotes/main
> git for-each-ref --sort -committerdate --format %(refname) %(objectname) %(*objectname)
> git remote --verbose
> git config --get commit.template
> git status -z -u
> git ls-files --stage -- /home/nakao/techpit/markdown-editor/webpack.config.js
> git cat-file -s d3a11bc2fbe01b12b2afcd9e43b363608eeec91d
> git show --textconv :webpack.config.js
> git symbolic-ref --short HEAD
> git for-each-ref --format=%(refname)%00%(upstream:short)%00%(objectname)%00%(upstream:track) refs/heads/main refs/remotes/main
> git for-each-ref --sort -committerdate --format %(refname) %(objectname) %(*objectname)
> git remote --verbose
> git config --get commit.template
