[2021-07-24 11:22:11.136] [exthost] [info] extension host started
[2021-07-24 11:22:11.169] [exthost] [info] ExtensionService#_doActivateExtension vscode.debug-auto-launch {"startup":true,"extensionId":{"value":"vscode.debug-auto-launch","_lower":"vscode.debug-auto-launch"},"activationEvent":"*"}
[2021-07-24 11:22:11.169] [exthost] [info] ExtensionService#loadCommonJSModule file:///home/nakao/.vscode-server/bin/c3f126316369cd610563c75b1b1725e0679adfb3/extensions/debug-auto-launch/dist/extension
[2021-07-24 11:22:11.177] [exthost] [info] ExtensionService#_doActivateExtension vscode.git {"startup":true,"extensionId":{"value":"vscode.github","_lower":"vscode.github"},"activationEvent":"*"}
[2021-07-24 11:22:11.178] [exthost] [info] ExtensionService#loadCommonJSModule file:///home/nakao/.vscode-server/bin/c3f126316369cd610563c75b1b1725e0679adfb3/extensions/git/dist/main
[2021-07-24 11:22:11.224] [exthost] [info] ExtensionService#_doActivateExtension ritwickdey.LiveServer {"startup":true,"extensionId":{"value":"ritwickdey.LiveServer","_lower":"ritwickdey.liveserver"},"activationEvent":"*"}
[2021-07-24 11:22:11.224] [exthost] [info] ExtensionService#loadCommonJSModule file:///home/nakao/.vscode-server/extensions/ritwickdey.liveserver-5.6.1/out/src/extension
[2021-07-24 11:22:12.183] [exthost] [info] Lock '/home/nakao/.vscode-server/data/User/workspaceStorage/f1345273c55db4a24bb8340e996c5865/vscode.lock': Lock acquired.
[2021-07-24 11:22:12.368] [exthost] [info] ExtensionService#_doActivateExtension vscode.github {"startup":true,"extensionId":{"value":"vscode.github","_lower":"vscode.github"},"activationEvent":"*"}
[2021-07-24 11:22:12.368] [exthost] [info] ExtensionService#loadCommonJSModule file:///home/nakao/.vscode-server/bin/c3f126316369cd610563c75b1b1725e0679adfb3/extensions/github/dist/extension.js
[2021-07-24 11:22:12.417] [exthost] [info] ExtensionService#_doActivateExtension ms-vscode.js-debug {"startup":false,"extensionId":{"value":"ms-vscode.js-debug","_lower":"ms-vscode.js-debug"},"activationEvent":"onCommand:extension.js-debug.clearAutoAttachVariables"}
[2021-07-24 11:22:12.417] [exthost] [info] ExtensionService#loadCommonJSModule file:///home/nakao/.vscode-server/bin/c3f126316369cd610563c75b1b1725e0679adfb3/extensions/ms-vscode.js-debug/src/extension.js
[2021-07-24 11:22:12.632] [exthost] [info] ExtensionService#_doActivateExtension vscode.emmet {"startup":false,"extensionId":{"value":"vscode.emmet","_lower":"vscode.emmet"},"activationEvent":"onStartupFinished"}
[2021-07-24 11:22:12.632] [exthost] [info] ExtensionService#loadCommonJSModule file:///home/nakao/.vscode-server/bin/c3f126316369cd610563c75b1b1725e0679adfb3/extensions/emmet/dist/node/emmetNodeMain
[2021-07-24 11:22:12.647] [exthost] [info] ExtensionService#_doActivateExtension vscode.merge-conflict {"startup":false,"extensionId":{"value":"vscode.merge-conflict","_lower":"vscode.merge-conflict"},"activationEvent":"onStartupFinished"}
[2021-07-24 11:22:12.647] [exthost] [info] ExtensionService#loadCommonJSModule file:///home/nakao/.vscode-server/bin/c3f126316369cd610563c75b1b1725e0679adfb3/extensions/merge-conflict/dist/mergeConflictMain
[2021-07-24 11:22:12.654] [exthost] [info] ExtensionService#_doActivateExtension vscode.testing-editor-contributions {"startup":false,"extensionId":{"value":"vscode.testing-editor-contributions","_lower":"vscode.testing-editor-contributions"},"activationEvent":"onStartupFinished"}
[2021-07-24 11:22:12.654] [exthost] [info] ExtensionService#loadCommonJSModule file:///home/nakao/.vscode-server/bin/c3f126316369cd610563c75b1b1725e0679adfb3/extensions/testing-editor-contributions/dist/extension.js
[2021-07-24 11:22:12.656] [exthost] [info] ExtensionService#_doActivateExtension bradlc.vscode-tailwindcss {"startup":false,"extensionId":{"value":"bradlc.vscode-tailwindcss","_lower":"bradlc.vscode-tailwindcss"},"activationEvent":"onStartupFinished"}
[2021-07-24 11:22:12.656] [exthost] [info] ExtensionService#loadCommonJSModule file:///home/nakao/.vscode-server/extensions/bradlc.vscode-tailwindcss-0.6.13/dist/extension/index.js
[2021-07-24 11:22:12.684] [exthost] [info] ExtensionService#_doActivateExtension rangav.vscode-thunder-client {"startup":false,"extensionId":{"value":"rangav.vscode-thunder-client","_lower":"rangav.vscode-thunder-client"},"activationEvent":"onStartupFinished"}
[2021-07-24 11:22:12.684] [exthost] [info] ExtensionService#loadCommonJSModule file:///home/nakao/.vscode-server/extensions/rangav.vscode-thunder-client-1.7.1/dist/extension
[2021-07-24 11:22:12.769] [exthost] [info] eager extensions activated
[2021-07-24 11:22:23.848] [exthost] [warning] [Decorations] CAPPING events from decorations provider vscode.git 5000
[2021-07-24 11:25:26.696] [exthost] [info] ExtensionService#_doActivateExtension vscode.configuration-editing {"startup":false,"extensionId":{"value":"vscode.configuration-editing","_lower":"vscode.configuration-editing"},"activationEvent":"onLanguage:json"}
[2021-07-24 11:25:26.697] [exthost] [info] ExtensionService#loadCommonJSModule file:///home/nakao/.vscode-server/bin/c3f126316369cd610563c75b1b1725e0679adfb3/extensions/configuration-editing/dist/configurationEditingMain
[2021-07-24 11:25:26.711] [exthost] [info] ExtensionService#_doActivateExtension vscode.extension-editing {"startup":false,"extensionId":{"value":"vscode.extension-editing","_lower":"vscode.extension-editing"},"activationEvent":"onLanguage:json"}
[2021-07-24 11:25:26.712] [exthost] [info] ExtensionService#loadCommonJSModule file:///home/nakao/.vscode-server/bin/c3f126316369cd610563c75b1b1725e0679adfb3/extensions/extension-editing/dist/extensionEditingMain
[2021-07-24 11:25:26.729] [exthost] [info] ExtensionService#_doActivateExtension vscode.json-language-features {"startup":false,"extensionId":{"value":"vscode.json-language-features","_lower":"vscode.json-language-features"},"activationEvent":"onLanguage:json"}
[2021-07-24 11:25:26.730] [exthost] [info] ExtensionService#loadCommonJSModule file:///home/nakao/.vscode-server/bin/c3f126316369cd610563c75b1b1725e0679adfb3/extensions/json-language-features/client/dist/node/jsonClientMain
[2021-07-24 11:25:26.791] [exthost] [info] ExtensionService#_doActivateExtension vscode.npm {"startup":false,"extensionId":{"value":"vscode.npm","_lower":"vscode.npm"},"activationEvent":"onLanguage:json"}
[2021-07-24 11:25:26.791] [exthost] [info] ExtensionService#loadCommonJSModule file:///home/nakao/.vscode-server/bin/c3f126316369cd610563c75b1b1725e0679adfb3/extensions/npm/dist/npmMain
[2021-07-24 11:25:27.364] [exthost] [info] ExtensionService#_doActivateExtension vscode.typescript-language-features {"startup":false,"extensionId":{"value":"vscode.typescript-language-features","_lower":"vscode.typescript-language-features"},"activationEvent":"onLanguage:jsonc"}
[2021-07-24 11:25:27.364] [exthost] [info] ExtensionService#loadCommonJSModule file:///home/nakao/.vscode-server/bin/c3f126316369cd610563c75b1b1725e0679adfb3/extensions/typescript-language-features/dist/extension
[2021-07-24 11:25:28.494] [exthost] [error] [vscode.json-language-features] provider FAILED
[2021-07-24 11:25:28.494] [exthost] [error] Canceled: Canceled
	at b.makeCancelError (/home/nakao/.vscode-server/bin/c3f126316369cd610563c75b1b1725e0679adfb3/extensions/json-language-features/client/dist/node/jsonClientMain.js:1:64501)
	at b.handleFailedRequest (/home/nakao/.vscode-server/bin/c3f126316369cd610563c75b1b1725e0679adfb3/extensions/json-language-features/client/dist/node/jsonClientMain.js:1:64352)
	at /home/nakao/.vscode-server/bin/c3f126316369cd610563c75b1b1725e0679adfb3/extensions/json-language-features/client/dist/node/jsonClientMain.js:1:308199
[2021-07-24 11:36:38.056] [exthost] [info] ExtensionService#_doActivateExtension vscode.html-language-features {"startup":false,"extensionId":{"value":"vscode.html-language-features","_lower":"vscode.html-language-features"},"activationEvent":"onLanguage:html"}
[2021-07-24 11:36:38.056] [exthost] [info] ExtensionService#loadCommonJSModule file:///home/nakao/.vscode-server/bin/c3f126316369cd610563c75b1b1725e0679adfb3/extensions/html-language-features/client/dist/node/htmlClientMain
[2021-07-24 11:37:46.594] [exthost] [error] [vscode.emmet] provider FAILED
[2021-07-24 11:37:46.595] [exthost] [error] TypeError: Cannot read property 'start' of undefined
	at t.DefaultCompletionItemProvider.provideCompletionItemsInternal (/home/nakao/.vscode-server/bin/c3f126316369cd610563c75b1b1725e0679adfb3/extensions/emmet/dist/node/emmetNodeMain.js:1:61395)
	at t.DefaultCompletionItemProvider.provideCompletionItems (/home/nakao/.vscode-server/bin/c3f126316369cd610563c75b1b1725e0679adfb3/extensions/emmet/dist/node/emmetNodeMain.js:1:59831)
	at /home/nakao/.vscode-server/bin/c3f126316369cd610563c75b1b1725e0679adfb3/out/vs/server/remoteExtensionHostProcess.js:84:183525
	at /home/nakao/.vscode-server/bin/c3f126316369cd610563c75b1b1725e0679adfb3/out/vs/server/remoteExtensionHostProcess.js:64:12691
	at new Promise (<anonymous>)
	at Object.d [as asPromise] (/home/nakao/.vscode-server/bin/c3f126316369cd610563c75b1b1725e0679adfb3/out/vs/server/remoteExtensionHostProcess.js:64:12663)
	at M.provideCompletionItems (/home/nakao/.vscode-server/bin/c3f126316369cd610563c75b1b1725e0679adfb3/out/vs/server/remoteExtensionHostProcess.js:84:183496)
	at /home/nakao/.vscode-server/bin/c3f126316369cd610563c75b1b1725e0679adfb3/out/vs/server/remoteExtensionHostProcess.js:84:203175
	at Ve._withAdapter (/home/nakao/.vscode-server/bin/c3f126316369cd610563c75b1b1725e0679adfb3/out/vs/server/remoteExtensionHostProcess.js:84:193249)
	at Ve.$provideCompletionItems (/home/nakao/.vscode-server/bin/c3f126316369cd610563c75b1b1725e0679adfb3/out/vs/server/remoteExtensionHostProcess.js:84:203151)
	at c._doInvokeHandler (/home/nakao/.vscode-server/bin/c3f126316369cd610563c75b1b1725e0679adfb3/out/vs/server/remoteExtensionHostProcess.js:88:12743)
	at c._invokeHandler (/home/nakao/.vscode-server/bin/c3f126316369cd610563c75b1b1725e0679adfb3/out/vs/server/remoteExtensionHostProcess.js:88:12435)
	at c._receiveRequest (/home/nakao/.vscode-server/bin/c3f126316369cd610563c75b1b1725e0679adfb3/out/vs/server/remoteExtensionHostProcess.js:88:11046)
	at c._receiveOneMessage (/home/nakao/.vscode-server/bin/c3f126316369cd610563c75b1b1725e0679adfb3/out/vs/server/remoteExtensionHostProcess.js:88:9900)
	at /home/nakao/.vscode-server/bin/c3f126316369cd610563c75b1b1725e0679adfb3/out/vs/server/remoteExtensionHostProcess.js:88:8004
	at d.fire (/home/nakao/.vscode-server/bin/c3f126316369cd610563c75b1b1725e0679adfb3/out/vs/server/remoteExtensionHostProcess.js:57:1726)
	at h.fire (/home/nakao/.vscode-server/bin/c3f126316369cd610563c75b1b1725e0679adfb3/out/vs/server/remoteExtensionHostProcess.js:65:15777)
	at /home/nakao/.vscode-server/bin/c3f126316369cd610563c75b1b1725e0679adfb3/out/vs/server/remoteExtensionHostProcess.js:103:29836
	at d.fire (/home/nakao/.vscode-server/bin/c3f126316369cd610563c75b1b1725e0679adfb3/out/vs/server/remoteExtensionHostProcess.js:57:1726)
	at h.fire (/home/nakao/.vscode-server/bin/c3f126316369cd610563c75b1b1725e0679adfb3/out/vs/server/remoteExtensionHostProcess.js:65:15777)
	at r._receiveMessage (/home/nakao/.vscode-server/bin/c3f126316369cd610563c75b1b1725e0679adfb3/out/vs/server/remoteExtensionHostProcess.js:65:21035)
	at /home/nakao/.vscode-server/bin/c3f126316369cd610563c75b1b1725e0679adfb3/out/vs/server/remoteExtensionHostProcess.js:65:17921
	at d.fire (/home/nakao/.vscode-server/bin/c3f126316369cd610563c75b1b1725e0679adfb3/out/vs/server/remoteExtensionHostProcess.js:57:1726)
	at u.acceptChunk (/home/nakao/.vscode-server/bin/c3f126316369cd610563c75b1b1725e0679adfb3/out/vs/server/remoteExtensionHostProcess.js:65:13138)
	at /home/nakao/.vscode-server/bin/c3f126316369cd610563c75b1b1725e0679adfb3/out/vs/server/remoteExtensionHostProcess.js:65:12486
	at d.fire (/home/nakao/.vscode-server/bin/c3f126316369cd610563c75b1b1725e0679adfb3/out/vs/server/remoteExtensionHostProcess.js:57:1726)
	at b._acceptChunk (/home/nakao/.vscode-server/bin/c3f126316369cd610563c75b1b1725e0679adfb3/out/vs/server/remoteExtensionHostProcess.js:103:19103)
	at /home/nakao/.vscode-server/bin/c3f126316369cd610563c75b1b1725e0679adfb3/out/vs/server/remoteExtensionHostProcess.js:103:15516
	at Socket._ (/home/nakao/.vscode-server/bin/c3f126316369cd610563c75b1b1725e0679adfb3/out/vs/server/remoteExtensionHostProcess.js:103:13107)
	at Socket.emit (events.js:315:20)
	at addChunk (internal/streams/readable.js:309:12)
	at readableAddChunk (internal/streams/readable.js:284:9)
	at Socket.Readable.push (internal/streams/readable.js:223:10)
	at TCP.onStreamRead (internal/stream_base_commons.js:188:23)
[2021-07-24 12:11:04.874] [exthost] [info] extension host terminating: received terminate message from renderer
[2021-07-24 12:11:04.875] [exthost] [info] Lock '/home/nakao/.vscode-server/data/User/workspaceStorage/f1345273c55db4a24bb8340e996c5865/vscode.lock': Marking the lockfile as scheduled to be released in 6000 ms.
[2021-07-24 12:11:05.926] [exthost] [info] exiting with code 0
