0 verbose cli [
0 verbose cli   '/home/nakao/.nvm/versions/node/v15.10.0/bin/node',
0 verbose cli   '/home/nakao/.nvm/versions/node/v15.10.0/bin/npm',
0 verbose cli   'run',
0 verbose cli   'start'
0 verbose cli ]
1 info using npm@7.19.1
2 info using node@v15.10.0
3 timing npm:load:whichnode Completed in 0ms
4 timing config:load:defaults Completed in 2ms
5 timing config:load:file:/home/nakao/.nvm/versions/node/v15.10.0/lib/node_modules/npm/npmrc Completed in 1ms
6 timing config:load:builtin Completed in 1ms
7 timing config:load:cli Completed in 3ms
8 timing config:load:env Completed in 1ms
9 timing config:load:file:/home/nakao/techpit/.npmrc Completed in 0ms
10 timing config:load:project Completed in 4ms
11 timing config:load:file:/home/nakao/.npmrc Completed in 0ms
12 timing config:load:user Completed in 0ms
13 timing config:load:file:/home/nakao/.nvm/versions/node/v15.10.0/etc/npmrc Completed in 0ms
14 timing config:load:global Completed in 0ms
15 timing config:load:validate Completed in 1ms
16 timing config:load:credentials Completed in 0ms
17 timing config:load:setEnvs Completed in 1ms
18 timing config:load Completed in 13ms
19 timing npm:load:configload Completed in 13ms
20 timing npm:load:setTitle Completed in 0ms
21 timing npm:load:setupLog Completed in 1ms
22 timing npm:load:cleanupLog Completed in 2ms
23 timing npm:load:configScope Completed in 0ms
24 timing npm:load:projectScope Completed in 0ms
25 timing npm:load Completed in 16ms
26 timing config:load:flatten Completed in 2ms
27 timing command:run-script Completed in 9ms
28 verbose stack Error: ENOENT: no such file or directory, open '/home/nakao/techpit/package.json'
29 verbose cwd /home/nakao/techpit
30 verbose Linux 4.4.0-19041-Microsoft
31 verbose argv "/home/nakao/.nvm/versions/node/v15.10.0/bin/node" "/home/nakao/.nvm/versions/node/v15.10.0/bin/npm" "run" "start"
32 verbose node v15.10.0
33 verbose npm  v7.19.1
34 error code ENOENT
35 error syscall open
36 error path /home/nakao/techpit/package.json
37 error errno -2
38 error enoent ENOENT: no such file or directory, open '/home/nakao/techpit/package.json'
39 error enoent This is related to npm not being able to find a file.
40 verbose exit -2
