0 verbose cli [
0 verbose cli   '/home/nakao/.nvm/versions/node/v15.10.0/bin/node',
0 verbose cli   '/home/nakao/.nvm/versions/node/v15.10.0/bin/npm',
0 verbose cli   'start'
0 verbose cli ]
1 info using npm@7.19.1
2 info using node@v15.10.0
3 timing npm:load:whichnode Completed in 1ms
4 timing config:load:defaults Completed in 1ms
5 timing config:load:file:/home/nakao/.nvm/versions/node/v15.10.0/lib/node_modules/npm/npmrc Completed in 1ms
6 timing config:load:builtin Completed in 1ms
7 timing config:load:cli Completed in 3ms
8 timing config:load:env Completed in 0ms
9 timing config:load:file:/home/nakao/techpit/.npmrc Completed in 0ms
10 timing config:load:project Completed in 4ms
11 timing config:load:file:/home/nakao/.npmrc Completed in 1ms
12 timing config:load:user Completed in 1ms
13 timing config:load:file:/home/nakao/.nvm/versions/node/v15.10.0/etc/npmrc Completed in 0ms
14 timing config:load:global Completed in 0ms
15 timing config:load:validate Completed in 0ms
16 timing config:load:credentials Completed in 1ms
17 timing config:load:setEnvs Completed in 0ms
18 timing config:load Completed in 11ms
19 timing npm:load:configload Completed in 11ms
20 timing npm:load:setTitle Completed in 0ms
21 timing npm:load:setupLog Completed in 1ms
22 timing npm:load:cleanupLog Completed in 1ms
23 timing npm:load:configScope Completed in 0ms
24 timing npm:load:projectScope Completed in 0ms
25 timing npm:load Completed in 15ms
26 timing config:load:flatten Completed in 1ms
27 timing command:run-script Completed in 9ms
28 timing command:start Completed in 14ms
29 verbose stack Error: ENOENT: no such file or directory, open '/home/nakao/techpit/package.json'
30 verbose cwd /home/nakao/techpit
31 verbose Linux 4.4.0-19041-Microsoft
32 verbose argv "/home/nakao/.nvm/versions/node/v15.10.0/bin/node" "/home/nakao/.nvm/versions/node/v15.10.0/bin/npm" "start"
33 verbose node v15.10.0
34 verbose npm  v7.19.1
35 error code ENOENT
36 error syscall open
37 error path /home/nakao/techpit/package.json
38 error errno -2
39 error enoent ENOENT: no such file or directory, open '/home/nakao/techpit/package.json'
40 error enoent This is related to npm not being able to find a file.
41 verbose exit -2
