0 verbose cli [
0 verbose cli   '/home/nakao/.nvm/versions/node/v15.10.0/bin/node',
0 verbose cli   '/home/nakao/.nvm/versions/node/v15.10.0/bin/npm',
0 verbose cli   'create-react-app',
0 verbose cli   'weather-app'
0 verbose cli ]
1 info using npm@7.19.1
2 info using node@v15.10.0
3 timing npm:load:whichnode Completed in 0ms
4 timing config:load:defaults Completed in 2ms
5 timing config:load:file:/home/nakao/.nvm/versions/node/v15.10.0/lib/node_modules/npm/npmrc Completed in 2ms
6 timing config:load:builtin Completed in 2ms
7 timing config:load:cli Completed in 4ms
8 timing config:load:env Completed in 1ms
9 timing config:load:project Completed in 8ms
10 timing config:load:file:/home/nakao/.npmrc Completed in 0ms
11 timing config:load:user Completed in 0ms
12 timing config:load:file:/home/nakao/.nvm/versions/node/v15.10.0/etc/npmrc Completed in 1ms
13 timing config:load:global Completed in 1ms
14 timing config:load:validate Completed in 0ms
15 timing config:load:credentials Completed in 1ms
16 timing config:load:setEnvs Completed in 1ms
17 timing config:load Completed in 20ms
18 timing npm:load:configload Completed in 20ms
19 timing npm:load:setTitle Completed in 0ms
20 timing npm:load:setupLog Completed in 2ms
21 timing npm:load:cleanupLog Completed in 3ms
22 timing npm:load:configScope Completed in 0ms
23 timing npm:load:projectScope Completed in 0ms
24 timing npm:load Completed in 27ms
25 timing config:load:flatten Completed in 3ms
26 verbose stack Error: ENOENT: no such file or directory, open '/home/nakao/package.json'
27 verbose cwd /home/nakao
28 verbose Linux 4.4.0-19041-Microsoft
29 verbose argv "/home/nakao/.nvm/versions/node/v15.10.0/bin/node" "/home/nakao/.nvm/versions/node/v15.10.0/bin/npm" "create-react-app" "weather-app"
30 verbose node v15.10.0
31 verbose npm  v7.19.1
32 error code ENOENT
33 error syscall open
34 error path /home/nakao/package.json
35 error errno -2
36 error enoent ENOENT: no such file or directory, open '/home/nakao/package.json'
37 error enoent This is related to npm not being able to find a file.
38 verbose exit -2
