[2021-07-22 10:55:04.768] [exthost] [info] extension host started
[2021-07-22 10:55:04.819] [exthost] [info] ExtensionService#_doActivateExtension vscode.typescript-language-features {"startup":false,"extensionId":{"value":"vscode.typescript-language-features","_lower":"vscode.typescript-language-features"},"activationEvent":"onLanguage:javascriptreact"}
[2021-07-22 10:55:04.819] [exthost] [info] ExtensionService#loadCommonJSModule file:///home/nakao/.vscode-server/bin/c3f126316369cd610563c75b1b1725e0679adfb3/extensions/typescript-language-features/dist/extension
[2021-07-22 10:55:04.865] [exthost] [info] ExtensionService#_doActivateExtension vscode.debug-auto-launch {"startup":true,"extensionId":{"value":"vscode.debug-auto-launch","_lower":"vscode.debug-auto-launch"},"activationEvent":"*"}
[2021-07-22 10:55:04.866] [exthost] [info] ExtensionService#loadCommonJSModule file:///home/nakao/.vscode-server/bin/c3f126316369cd610563c75b1b1725e0679adfb3/extensions/debug-auto-launch/dist/extension
[2021-07-22 10:55:04.876] [exthost] [info] ExtensionService#_doActivateExtension vscode.git {"startup":true,"extensionId":{"value":"vscode.github","_lower":"vscode.github"},"activationEvent":"*"}
[2021-07-22 10:55:04.877] [exthost] [info] ExtensionService#loadCommonJSModule file:///home/nakao/.vscode-server/bin/c3f126316369cd610563c75b1b1725e0679adfb3/extensions/git/dist/main
[2021-07-22 10:55:04.945] [exthost] [info] ExtensionService#_doActivateExtension ritwickdey.LiveServer {"startup":true,"extensionId":{"value":"ritwickdey.LiveServer","_lower":"ritwickdey.liveserver"},"activationEvent":"*"}
[2021-07-22 10:55:04.945] [exthost] [info] ExtensionService#loadCommonJSModule file:///home/nakao/.vscode-server/extensions/ritwickdey.liveserver-5.6.1/out/src/extension
[2021-07-22 10:55:06.743] [exthost] [info] ExtensionService#_doActivateExtension vscode.npm {"startup":true,"extensionId":{"value":"vscode.npm","_lower":"vscode.npm"},"activationEvent":"workspaceContains:package.json"}
[2021-07-22 10:55:06.744] [exthost] [info] ExtensionService#loadCommonJSModule file:///home/nakao/.vscode-server/bin/c3f126316369cd610563c75b1b1725e0679adfb3/extensions/npm/dist/npmMain
[2021-07-22 10:55:06.874] [exthost] [info] Lock '/home/nakao/.vscode-server/data/User/workspaceStorage/08efb7d068ded5d32dc1538437976f3c/vscode.lock': Lock acquired.
[2021-07-22 10:55:07.331] [exthost] [info] ExtensionService#_doActivateExtension vscode.github {"startup":true,"extensionId":{"value":"vscode.github","_lower":"vscode.github"},"activationEvent":"*"}
[2021-07-22 10:55:07.331] [exthost] [info] ExtensionService#loadCommonJSModule file:///home/nakao/.vscode-server/bin/c3f126316369cd610563c75b1b1725e0679adfb3/extensions/github/dist/extension.js
[2021-07-22 10:55:07.897] [exthost] [info] ExtensionService#_doActivateExtension ms-vscode.js-debug {"startup":false,"extensionId":{"value":"ms-vscode.js-debug","_lower":"ms-vscode.js-debug"},"activationEvent":"onCommand:extension.js-debug.clearAutoAttachVariables"}
[2021-07-22 10:55:07.898] [exthost] [info] ExtensionService#loadCommonJSModule file:///home/nakao/.vscode-server/bin/c3f126316369cd610563c75b1b1725e0679adfb3/extensions/ms-vscode.js-debug/src/extension.js
[2021-07-22 10:55:09.019] [exthost] [info] ExtensionService#_doActivateExtension vscode.emmet {"startup":false,"extensionId":{"value":"vscode.emmet","_lower":"vscode.emmet"},"activationEvent":"onStartupFinished"}
[2021-07-22 10:55:09.019] [exthost] [info] ExtensionService#loadCommonJSModule file:///home/nakao/.vscode-server/bin/c3f126316369cd610563c75b1b1725e0679adfb3/extensions/emmet/dist/node/emmetNodeMain
[2021-07-22 10:55:09.052] [exthost] [info] ExtensionService#_doActivateExtension vscode.merge-conflict {"startup":false,"extensionId":{"value":"vscode.merge-conflict","_lower":"vscode.merge-conflict"},"activationEvent":"onStartupFinished"}
[2021-07-22 10:55:09.052] [exthost] [info] ExtensionService#loadCommonJSModule file:///home/nakao/.vscode-server/bin/c3f126316369cd610563c75b1b1725e0679adfb3/extensions/merge-conflict/dist/mergeConflictMain
[2021-07-22 10:55:09.069] [exthost] [info] ExtensionService#_doActivateExtension vscode.testing-editor-contributions {"startup":false,"extensionId":{"value":"vscode.testing-editor-contributions","_lower":"vscode.testing-editor-contributions"},"activationEvent":"onStartupFinished"}
[2021-07-22 10:55:09.069] [exthost] [info] ExtensionService#loadCommonJSModule file:///home/nakao/.vscode-server/bin/c3f126316369cd610563c75b1b1725e0679adfb3/extensions/testing-editor-contributions/dist/extension.js
[2021-07-22 10:55:09.072] [exthost] [info] ExtensionService#_doActivateExtension bradlc.vscode-tailwindcss {"startup":false,"extensionId":{"value":"bradlc.vscode-tailwindcss","_lower":"bradlc.vscode-tailwindcss"},"activationEvent":"onStartupFinished"}
[2021-07-22 10:55:09.072] [exthost] [info] ExtensionService#loadCommonJSModule file:///home/nakao/.vscode-server/extensions/bradlc.vscode-tailwindcss-0.6.13/dist/extension/index.js
[2021-07-22 10:55:09.124] [exthost] [info] ExtensionService#_doActivateExtension rangav.vscode-thunder-client {"startup":false,"extensionId":{"value":"rangav.vscode-thunder-client","_lower":"rangav.vscode-thunder-client"},"activationEvent":"onStartupFinished"}
[2021-07-22 10:55:09.125] [exthost] [info] ExtensionService#loadCommonJSModule file:///home/nakao/.vscode-server/extensions/rangav.vscode-thunder-client-1.7.1/dist/extension
[2021-07-22 10:55:09.297] [exthost] [info] eager extensions activated
[2021-07-22 10:55:26.752] [exthost] [info] ExtensionService#_doActivateExtension vscode.extension-editing {"startup":false,"extensionId":{"value":"vscode.extension-editing","_lower":"vscode.extension-editing"},"activationEvent":"onLanguage:typescript"}
[2021-07-22 10:55:26.752] [exthost] [info] ExtensionService#loadCommonJSModule file:///home/nakao/.vscode-server/bin/c3f126316369cd610563c75b1b1725e0679adfb3/extensions/extension-editing/dist/extensionEditingMain
[2021-07-22 10:56:42.647] [exthost] [info] ExtensionService#_doActivateExtension vscode.css-language-features {"startup":false,"extensionId":{"value":"vscode.css-language-features","_lower":"vscode.css-language-features"},"activationEvent":"onLanguage:css"}
[2021-07-22 10:56:42.652] [exthost] [info] ExtensionService#loadCommonJSModule file:///home/nakao/.vscode-server/bin/c3f126316369cd610563c75b1b1725e0679adfb3/extensions/css-language-features/client/dist/node/cssClientMain
[2021-07-22 11:37:57.011] [exthost] [info] extension host terminating: received terminate message from renderer
[2021-07-22 11:37:57.012] [exthost] [info] Lock '/home/nakao/.vscode-server/data/User/workspaceStorage/08efb7d068ded5d32dc1538437976f3c/vscode.lock': Marking the lockfile as scheduled to be released in 6000 ms.
[2021-07-22 11:37:58.097] [exthost] [info] exiting with code 0
