Validating found git in: git
git から Git 2.25.1 を使用しています
> git rev-parse --git-dir
Open repository: /home/nakao
> git status -z -u
> git check-ignore -v -z --stdin
> git symbolic-ref --short HEAD
> git for-each-ref --format=%(refname)%00%(upstream:short)%00%(objectname)%00%(upstream:track) refs/heads/master refs/remotes/master
> git for-each-ref --sort -committerdate --format %(refname) %(objectname) %(*objectname)
> git remote --verbose
> git config --get commit.template
> git check-ignore -v -z --stdin
> git check-ignore -v -z --stdin
> git show --textconv :nush/client/package-lock.json
> git ls-files --stage -- /home/nakao/nush/client/package-lock.json
> git show --textconv :nush/client/package.json
> git ls-files --stage -- /home/nakao/nush/client/package.json
> git show --textconv :nush/client/package-lock.json
> git ls-files --stage -- /home/nakao/nush/client/package-lock.json
> git check-ignore -v -z --stdin
> git check-ignore -v -z --stdin
> git check-ignore -v -z --stdin
> git check-ignore -v -z --stdin
> git check-ignore -v -z --stdin
> git check-ignore -v -z --stdin
> git check-ignore -v -z --stdin
> git check-ignore -v -z --stdin
> git check-ignore -v -z --stdin
> git log --format=%H%n%aN%n%aE%n%at%n%ct%n%P%n%B -z -n21 -- /home/nakao/nush/client/yarn.lock
> git show --textconv :nush/client/yarn.lock
> git ls-files --stage -- /home/nakao/nush/client/yarn.lock
> git log --format=%H%n%aN%n%aE%n%at%n%ct%n%P%n%B -z -n21 -- /home/nakao/nush/client/lib/bootstrap-5.0.0-beta1-dist/jquery-3.5.1.min.js
> git show --textconv :nush/client/lib/bootstrap-5.0.0-beta1-dist/jquery-3.5.1.min.js
> git ls-files --stage -- /home/nakao/nush/client/lib/bootstrap-5.0.0-beta1-dist/jquery-3.5.1.min.js
> git check-ignore -v -z --stdin
> git check-ignore -v -z --stdin
> git check-ignore -v -z --stdin
> git log --format=%H%n%aN%n%aE%n%at%n%ct%n%P%n%B -z -n21 -- /home/nakao/nush/client/card.html
> git show --textconv :nush/client/card.html
> git ls-files --stage -- /home/nakao/nush/client/card.html
> git check-ignore -v -z --stdin
> git check-ignore -v -z --stdin
> git check-ignore -v -z --stdin
> git check-ignore -v -z --stdin
> git check-ignore -v -z --stdin
> git log --format=%H%n%aN%n%aE%n%at%n%ct%n%P%n%B -z -n21 -- /home/nakao/nush/client/lib/bootstrap-5.0.0-beta1-dist/css/bootstrap-5
> git show --textconv :nush/client/lib/bootstrap-5.0.0-beta1-dist/css/bootstrap-5
> git ls-files --stage -- /home/nakao/nush/client/lib/bootstrap-5.0.0-beta1-dist/css/bootstrap-5
> git log --format=%H%n%aN%n%aE%n%at%n%ct%n%P%n%B -z -n21 -- /home/nakao/nush/client/card.html
> git show --textconv :nush/client/card.html
> git ls-files --stage -- /home/nakao/nush/client/card.html
> git log --format=%H%n%aN%n%aE%n%at%n%ct%n%P%n%B -z -n21 -- /home/nakao/nush/client/lib/bootstrap-5.0.0-beta1-dist/css/bootstrap-5
> git show --textconv :nush/client/lib/bootstrap-5.0.0-beta1-dist/css/bootstrap-5
> git ls-files --stage -- /home/nakao/nush/client/lib/bootstrap-5.0.0-beta1-dist/css/bootstrap-5
> git log --format=%H%n%aN%n%aE%n%at%n%ct%n%P%n%B -z -n21 -- /home/nakao/nush/client/card.html
> git show --textconv :nush/client/card.html
> git ls-files --stage -- /home/nakao/nush/client/card.html
> git check-ignore -v -z --stdin
> git log --format=%H%n%aN%n%aE%n%at%n%ct%n%P%n%B -z -n21 -- /home/nakao/nush/client/public/js/payment.js
> git show --textconv :nush/client/public/js/payment.js
> git ls-files --stage -- /home/nakao/nush/client/public/js/payment.js
> git show --textconv :nush/client/card.html
> git ls-files --stage -- /home/nakao/nush/client/card.html
> git show --textconv :nush/client/public/js/payment.js
> git ls-files --stage -- /home/nakao/nush/client/public/js/payment.js
> git show --textconv :nush/client/card.html
> git ls-files --stage -- /home/nakao/nush/client/card.html
> git log --format=%H%n%aN%n%aE%n%at%n%ct%n%P%n%B -z -n21 -- /home/nakao/nush/client/card.html
> git log --format=%H%n%aN%n%aE%n%at%n%ct%n%P%n%B -z -n21 -- /home/nakao/nush/client/card.html
> git show --textconv :nush/client/card.html
> git ls-files --stage -- /home/nakao/nush/client/card.html
> git show --textconv :nush/client/card.html
> git ls-files --stage -- /home/nakao/nush/client/card.html
> git show --textconv :nush/client/card.html
> git ls-files --stage -- /home/nakao/nush/client/card.html
> git check-ignore -v -z --stdin
> git log --format=%H%n%aN%n%aE%n%at%n%ct%n%P%n%B -z -n21 -- /home/nakao/nush/client/card.html
