[2021-07-24 06:45:18.290] [exthost] [info] extension host started
[2021-07-24 06:45:18.318] [exthost] [info] ExtensionService#_doActivateExtension vscode.typescript-language-features {"startup":false,"extensionId":{"value":"vscode.typescript-language-features","_lower":"vscode.typescript-language-features"},"activationEvent":"onLanguage:typescriptreact"}
[2021-07-24 06:45:18.318] [exthost] [info] ExtensionService#loadCommonJSModule file:///home/nakao/.vscode-server/bin/c3f126316369cd610563c75b1b1725e0679adfb3/extensions/typescript-language-features/dist/extension
[2021-07-24 06:45:18.355] [exthost] [info] ExtensionService#_doActivateExtension vscode.debug-auto-launch {"startup":true,"extensionId":{"value":"vscode.debug-auto-launch","_lower":"vscode.debug-auto-launch"},"activationEvent":"*"}
[2021-07-24 06:45:18.356] [exthost] [info] ExtensionService#loadCommonJSModule file:///home/nakao/.vscode-server/bin/c3f126316369cd610563c75b1b1725e0679adfb3/extensions/debug-auto-launch/dist/extension
[2021-07-24 06:45:18.364] [exthost] [info] ExtensionService#_doActivateExtension vscode.git {"startup":true,"extensionId":{"value":"vscode.github","_lower":"vscode.github"},"activationEvent":"*"}
[2021-07-24 06:45:18.364] [exthost] [info] ExtensionService#loadCommonJSModule file:///home/nakao/.vscode-server/bin/c3f126316369cd610563c75b1b1725e0679adfb3/extensions/git/dist/main
[2021-07-24 06:45:18.419] [exthost] [info] ExtensionService#_doActivateExtension ritwickdey.LiveServer {"startup":true,"extensionId":{"value":"ritwickdey.LiveServer","_lower":"ritwickdey.liveserver"},"activationEvent":"*"}
[2021-07-24 06:45:18.419] [exthost] [info] ExtensionService#loadCommonJSModule file:///home/nakao/.vscode-server/extensions/ritwickdey.liveserver-5.6.1/out/src/extension
[2021-07-24 06:45:19.830] [exthost] [info] ExtensionService#_doActivateExtension vscode.npm {"startup":true,"extensionId":{"value":"vscode.npm","_lower":"vscode.npm"},"activationEvent":"workspaceContains:package.json"}
[2021-07-24 06:45:19.831] [exthost] [info] ExtensionService#loadCommonJSModule file:///home/nakao/.vscode-server/bin/c3f126316369cd610563c75b1b1725e0679adfb3/extensions/npm/dist/npmMain
[2021-07-24 06:45:19.956] [exthost] [info] Lock '/home/nakao/.vscode-server/data/User/workspaceStorage/be34844b7424958439d0a6f99b031256/vscode.lock': Lock acquired.
[2021-07-24 06:45:20.218] [exthost] [info] ExtensionService#_doActivateExtension vscode.github {"startup":true,"extensionId":{"value":"vscode.github","_lower":"vscode.github"},"activationEvent":"*"}
[2021-07-24 06:45:20.218] [exthost] [info] ExtensionService#loadCommonJSModule file:///home/nakao/.vscode-server/bin/c3f126316369cd610563c75b1b1725e0679adfb3/extensions/github/dist/extension.js
[2021-07-24 06:45:20.374] [exthost] [info] ExtensionService#_doActivateExtension ms-vscode.js-debug {"startup":false,"extensionId":{"value":"ms-vscode.js-debug","_lower":"ms-vscode.js-debug"},"activationEvent":"onCommand:extension.js-debug.clearAutoAttachVariables"}
[2021-07-24 06:45:20.375] [exthost] [info] ExtensionService#loadCommonJSModule file:///home/nakao/.vscode-server/bin/c3f126316369cd610563c75b1b1725e0679adfb3/extensions/ms-vscode.js-debug/src/extension.js
[2021-07-24 06:45:20.751] [exthost] [info] ExtensionService#_doActivateExtension vscode.emmet {"startup":false,"extensionId":{"value":"vscode.emmet","_lower":"vscode.emmet"},"activationEvent":"onStartupFinished"}
[2021-07-24 06:45:20.751] [exthost] [info] ExtensionService#loadCommonJSModule file:///home/nakao/.vscode-server/bin/c3f126316369cd610563c75b1b1725e0679adfb3/extensions/emmet/dist/node/emmetNodeMain
[2021-07-24 06:45:20.775] [exthost] [info] ExtensionService#_doActivateExtension vscode.merge-conflict {"startup":false,"extensionId":{"value":"vscode.merge-conflict","_lower":"vscode.merge-conflict"},"activationEvent":"onStartupFinished"}
[2021-07-24 06:45:20.775] [exthost] [info] ExtensionService#loadCommonJSModule file:///home/nakao/.vscode-server/bin/c3f126316369cd610563c75b1b1725e0679adfb3/extensions/merge-conflict/dist/mergeConflictMain
[2021-07-24 06:45:20.794] [exthost] [info] ExtensionService#_doActivateExtension vscode.testing-editor-contributions {"startup":false,"extensionId":{"value":"vscode.testing-editor-contributions","_lower":"vscode.testing-editor-contributions"},"activationEvent":"onStartupFinished"}
[2021-07-24 06:45:20.795] [exthost] [info] ExtensionService#loadCommonJSModule file:///home/nakao/.vscode-server/bin/c3f126316369cd610563c75b1b1725e0679adfb3/extensions/testing-editor-contributions/dist/extension.js
[2021-07-24 06:45:20.800] [exthost] [info] ExtensionService#_doActivateExtension bradlc.vscode-tailwindcss {"startup":false,"extensionId":{"value":"bradlc.vscode-tailwindcss","_lower":"bradlc.vscode-tailwindcss"},"activationEvent":"onStartupFinished"}
[2021-07-24 06:45:20.800] [exthost] [info] ExtensionService#loadCommonJSModule file:///home/nakao/.vscode-server/extensions/bradlc.vscode-tailwindcss-0.6.13/dist/extension/index.js
[2021-07-24 06:45:20.838] [exthost] [info] ExtensionService#_doActivateExtension rangav.vscode-thunder-client {"startup":false,"extensionId":{"value":"rangav.vscode-thunder-client","_lower":"rangav.vscode-thunder-client"},"activationEvent":"onStartupFinished"}
[2021-07-24 06:45:20.838] [exthost] [info] ExtensionService#loadCommonJSModule file:///home/nakao/.vscode-server/extensions/rangav.vscode-thunder-client-1.7.1/dist/extension
[2021-07-24 06:45:20.926] [exthost] [info] eager extensions activated
[2021-07-24 06:45:24.860] [exthost] [info] ExtensionService#_doActivateExtension vscode.configuration-editing {"startup":false,"extensionId":{"value":"vscode.configuration-editing","_lower":"vscode.configuration-editing"},"activationEvent":"onLanguage:jsonc"}
[2021-07-24 06:45:24.860] [exthost] [info] ExtensionService#loadCommonJSModule file:///home/nakao/.vscode-server/bin/c3f126316369cd610563c75b1b1725e0679adfb3/extensions/configuration-editing/dist/configurationEditingMain
[2021-07-24 06:45:24.889] [exthost] [info] ExtensionService#_doActivateExtension vscode.json-language-features {"startup":false,"extensionId":{"value":"vscode.json-language-features","_lower":"vscode.json-language-features"},"activationEvent":"onLanguage:jsonc"}
[2021-07-24 06:45:24.889] [exthost] [info] ExtensionService#loadCommonJSModule file:///home/nakao/.vscode-server/bin/c3f126316369cd610563c75b1b1725e0679adfb3/extensions/json-language-features/client/dist/node/jsonClientMain
[2021-07-24 06:45:49.395] [exthost] [info] ExtensionService#_doActivateExtension vscode.extension-editing {"startup":false,"extensionId":{"value":"vscode.extension-editing","_lower":"vscode.extension-editing"},"activationEvent":"onLanguage:typescript"}
[2021-07-24 06:45:49.395] [exthost] [info] ExtensionService#loadCommonJSModule file:///home/nakao/.vscode-server/bin/c3f126316369cd610563c75b1b1725e0679adfb3/extensions/extension-editing/dist/extensionEditingMain
[2021-07-24 07:08:17.379] [exthost] [info] ExtensionService#_doActivateExtension vscode.html-language-features {"startup":false,"extensionId":{"value":"vscode.html-language-features","_lower":"vscode.html-language-features"},"activationEvent":"onLanguage:html"}
[2021-07-24 07:08:17.382] [exthost] [info] ExtensionService#loadCommonJSModule file:///home/nakao/.vscode-server/bin/c3f126316369cd610563c75b1b1725e0679adfb3/extensions/html-language-features/client/dist/node/htmlClientMain
[2021-07-24 07:17:03.252] [exthost] [info] extension host terminating: received terminate message from renderer
[2021-07-24 07:17:03.254] [exthost] [info] Lock '/home/nakao/.vscode-server/data/User/workspaceStorage/be34844b7424958439d0a6f99b031256/vscode.lock': Marking the lockfile as scheduled to be released in 6000 ms.
[2021-07-24 07:17:04.357] [exthost] [info] exiting with code 0
